Jun 4 2023 12:30:45: %SYS-5-CONFIG_I: Configured from console by admin on switch-01
Jun 4 2023 13:15:02: %LINK-3-UPDOWN: Interface GigabitEthernet0/1, changed state to up
Jun 4 2023 14:45:10: %CDP-4-DUPLEX_MISMATCH: Duplex mismatch discovered on GigabitEthernet1/0/2 (not full duplex), with neighbor Switch-02 GigabitEthernet2/1 (full duplex).
Jun 4 2023 15:10:22: %SYS-5-CONFIG_I: Configured from SSH by admin on switch-01
Jun 4 2023 15:25:11: %LINK-3-UPDOWN: Interface FastEthernet0/5, changed state to down
Jun 4 2023 15:40:07: %CDP-4-NATIVE_VLAN_MISMATCH: Native VLAN mismatch discovered on GigabitEthernet1/0/1, with neighbor Switch-03 GigabitEthernet1/0/2 (native VLAN 10, our VLAN 20).
Jun 4 2023 16:05:30: %SYS-5-CONFIG_I: Configured from console by admin on switch-01
Jun 4 2023 16:20:55: %LINK-3-UPDOWN: Interface GigabitEthernet0/3, changed state to up
Jun 4 2023 16:35:17: %CDP-4-DUPLEX_MISMATCH: Duplex mismatch discovered on GigabitEthernet2/0/1 (half duplex), with neighbor Switch-04 GigabitEthernet3/0/2 (full duplex).
Jun 4 2023 17:00:41: %SYS-5-CONFIG_I: Configured from SSH by admin on switch-01
Jun 4 2023 17:15:28: %LINK-3-UPDOWN: Interface FastEthernet0/9, changed state to down
Jun 4 2023 17:30:15: %CDP-4-NATIVE_VLAN_MISMATCH: Native VLAN mismatch discovered on GigabitEthernet1/0/3, with neighbor Switch-05 GigabitEthernet1/0/1 (native VLAN 20, our VLAN 10).
Jun 4 2023 17:55:09: %SYS-5-CONFIG_I: Configured from console by admin on switch-01
Jun 4 2023 18:10:37: %LINK-3-UPDOWN: Interface GigabitEthernet0/6, changed state to up
Jun 4 2023 18:25:42: %CDP-4-DUPLEX_MISMATCH: Duplex mismatch discovered on GigabitEthernet2/0/3 (half duplex), with neighbor Switch-06 GigabitEthernet4/0/1 (full duplex).
Jun 4 2023 18:50:13: %SYS-5-CONFIG_I: Configured from SSH by admin on switch-01
Jun 4 2023 19:05:55: %LINK-3-UPDOWN: Interface FastEthernet0/2, changed state to down
Jun 4 2023 19:20:29: %CDP-4-NATIVE_VLAN_MISMATCH: Native VLAN mismatch discovered on GigabitEthernet1/0/4, with neighbor Switch-07 GigabitEthernet1/0/3 (native VLAN 30, our VLAN 40).
Jun 4 2023 19:45:51: %SYS-5-CONFIG_I: Configured from console by admin on switch-01
Jun 4 2023 20:00:25: %LINK-3-UPDOWN: Interface GigabitEthernet0/9, changed state to up
